<?xml version="1.0" encoding="UTF-8"?>
<testsuite xmlns:xsi="http://www.w3.org/2001/XMLSchema-instance" xsi:noNamespaceSchemaLocation="https://maven.apache.org/surefire/maven-surefire-plugin/xsd/surefire-test-report.xsd" name="lucenex.SamplesTest" time="1.901" tests="10" errors="0" skipped="0" failures="0">
  <properties>
[...]
</properties>
  <testcase name="testIndexingAndSearchTQOnStringField" classname="lucenex.SamplesTest" time="0.713"/>
  <testcase name="testAnalyzer" classname="lucenex.SamplesTest" time="0.013"/>
  <testcase name="testIndexingAndSearchAllWithCodec" classname="lucenex.SamplesTest" time="0.103"/>
  <testcase name="testRankingWithDifferentSimilarities" classname="lucenex.SamplesTest" time="0.283"/>
  <testcase name="testIndexingAndSearchBQ" classname="lucenex.SamplesTest" time="0.166"/>
  <testcase name="testIndexingAndSearchPQ" classname="lucenex.SamplesTest" time="0.123"/>
  <testcase name="testIndexingAndSearchQP" classname="lucenex.SamplesTest" time="0.123"/>
  <testcase name="testIndexingAndSearchTQ" classname="lucenex.SamplesTest" time="0.134"/>
  <testcase name="testIndexStatistics" classname="lucenex.SamplesTest" time="0.055"/>
  <testcase name="testIndexingAndSearchAll" classname="lucenex.SamplesTest" time="0.126"/>
</testsuite>